D:\YOYO DELL\PROGRAMMING PROJECTS\VISUAL STUDIO\CHECKERS\DEBUG\PT PROJECT.BSC
D:\YOYO DELL\PROGRAMMING PROJECTS\VISUAL STUDIO\CHECKERS\DEBUG\GAMEWIN.SBR
D:\YOYO DELL\PROGRAMMING PROJECTS\VISUAL STUDIO\CHECKERS\DEBUG\WINDOWINPUT.SBR
D:\YOYO DELL\PROGRAMMING PROJECTS\VISUAL STUDIO\CHECKERS\DEBUG\MOUSEQUEUE.SBR
D:\YOYO DELL\PROGRAMMING PROJECTS\VISUAL STUDIO\CHECKERS\DEBUG\KEYQUEUE.SBR
D:\YOYO DELL\PROGRAMMING PROJECTS\VISUAL STUDIO\CHECKERS\DEBUG\IMAGE.SBR
D:\YOYO DELL\PROGRAMMING PROJECTS\VISUAL STUDIO\CHECKERS\DEBUG\COLORS.SBR
D:\YOYO DELL\PROGRAMMING PROJECTS\VISUAL STUDIO\CHECKERS\DEBUG\CMUGRAPHICS.SBR
D:\YOYO DELL\PROGRAMMING PROJECTS\VISUAL STUDIO\CHECKERS\DEBUG\AUXIL.SBR
D:\YOYO DELL\PROGRAMMING PROJECTS\VISUAL STUDIO\CHECKERS\DEBUG\AUXIL.OBJ
D:\YOYO DELL\PROGRAMMING PROJECTS\VISUAL STUDIO\CHECKERS\DEBUG\CMUGRAPHICS.OBJ
D:\YOYO DELL\PROGRAMMING PROJECTS\VISUAL STUDIO\CHECKERS\DEBUG\COLORS.OBJ
D:\YOYO DELL\PROGRAMMING PROJECTS\VISUAL STUDIO\CHECKERS\DEBUG\IMAGE.OBJ
D:\YOYO DELL\PROGRAMMING PROJECTS\VISUAL STUDIO\CHECKERS\DEBUG\KEYQUEUE.OBJ
D:\YOYO DELL\PROGRAMMING PROJECTS\VISUAL STUDIO\CHECKERS\DEBUG\MOUSEQUEUE.OBJ
D:\YOYO DELL\PROGRAMMING PROJECTS\VISUAL STUDIO\CHECKERS\DEBUG\WINDOWINPUT.OBJ
D:\YOYO DELL\PROGRAMMING PROJECTS\VISUAL STUDIO\CHECKERS\DEBUG\GAMEWIN.OBJ
D:\YOYO DELL\PROGRAMMING PROJECTS\VISUAL STUDIO\CHECKERS\DEBUG\VC110.PDB
D:\YOYO DELL\PROGRAMMING PROJECTS\VISUAL STUDIO\CHECKERS\DEBUG\JUTILS.SBR
D:\YOYO DELL\PROGRAMMING PROJECTS\VISUAL STUDIO\CHECKERS\DEBUG\JQUANT2.SBR
D:\YOYO DELL\PROGRAMMING PROJECTS\VISUAL STUDIO\CHECKERS\DEBUG\JQUANT1.SBR
D:\YOYO DELL\PROGRAMMING PROJECTS\VISUAL STUDIO\CHECKERS\DEBUG\JMEMNOBS.SBR
D:\YOYO DELL\PROGRAMMING PROJECTS\VISUAL STUDIO\CHECKERS\DEBUG\JMEMMGR.SBR
D:\YOYO DELL\PROGRAMMING PROJECTS\VISUAL STUDIO\CHECKERS\DEBUG\JIDCTRED.SBR
D:\YOYO DELL\PROGRAMMING PROJECTS\VISUAL STUDIO\CHECKERS\DEBUG\JIDCTINT.SBR
D:\YOYO DELL\PROGRAMMING PROJECTS\VISUAL STUDIO\CHECKERS\DEBUG\JIDCTFST.SBR
D:\YOYO DELL\PROGRAMMING PROJECTS\VISUAL STUDIO\CHECKERS\DEBUG\JIDCTFLT.SBR
D:\YOYO DELL\PROGRAMMING PROJECTS\VISUAL STUDIO\CHECKERS\DEBUG\JERROR.SBR
D:\YOYO DELL\PROGRAMMING PROJECTS\VISUAL STUDIO\CHECKERS\DEBUG\JDTRANS.SBR
D:\YOYO DELL\PROGRAMMING PROJECTS\VISUAL STUDIO\CHECKERS\DEBUG\JDSAMPLE.SBR
D:\YOYO DELL\PROGRAMMING PROJECTS\VISUAL STUDIO\CHECKERS\DEBUG\JDPOSTCT.SBR
D:\YOYO DELL\PROGRAMMING PROJECTS\VISUAL STUDIO\CHECKERS\DEBUG\JDPHUFF.SBR
D:\YOYO DELL\PROGRAMMING PROJECTS\VISUAL STUDIO\CHECKERS\DEBUG\JDMERGE.SBR
D:\YOYO DELL\PROGRAMMING PROJECTS\VISUAL STUDIO\CHECKERS\DEBUG\JDMASTER.SBR
D:\YOYO DELL\PROGRAMMING PROJECTS\VISUAL STUDIO\CHECKERS\DEBUG\JDMARKER.SBR
D:\YOYO DELL\PROGRAMMING PROJECTS\VISUAL STUDIO\CHECKERS\DEBUG\JDMAINCT.SBR
D:\YOYO DELL\PROGRAMMING PROJECTS\VISUAL STUDIO\CHECKERS\DEBUG\JDINPUT.SBR
D:\YOYO DELL\PROGRAMMING PROJECTS\VISUAL STUDIO\CHECKERS\DEBUG\JDHUFF.SBR
D:\YOYO DELL\PROGRAMMING PROJECTS\VISUAL STUDIO\CHECKERS\DEBUG\JDHUFF.OBJ
D:\YOYO DELL\PROGRAMMING PROJECTS\VISUAL STUDIO\CHECKERS\DEBUG\JDINPUT.OBJ
D:\YOYO DELL\PROGRAMMING PROJECTS\VISUAL STUDIO\CHECKERS\DEBUG\JDMAINCT.OBJ
D:\YOYO DELL\PROGRAMMING PROJECTS\VISUAL STUDIO\CHECKERS\DEBUG\JDMARKER.OBJ
D:\YOYO DELL\PROGRAMMING PROJECTS\VISUAL STUDIO\CHECKERS\DEBUG\JDMASTER.OBJ
D:\YOYO DELL\PROGRAMMING PROJECTS\VISUAL STUDIO\CHECKERS\DEBUG\JDMERGE.OBJ
D:\YOYO DELL\PROGRAMMING PROJECTS\VISUAL STUDIO\CHECKERS\DEBUG\JDPHUFF.OBJ
D:\YOYO DELL\PROGRAMMING PROJECTS\VISUAL STUDIO\CHECKERS\DEBUG\JDPOSTCT.OBJ
D:\YOYO DELL\PROGRAMMING PROJECTS\VISUAL STUDIO\CHECKERS\DEBUG\JDSAMPLE.OBJ
D:\YOYO DELL\PROGRAMMING PROJECTS\VISUAL STUDIO\CHECKERS\DEBUG\JDTRANS.OBJ
D:\YOYO DELL\PROGRAMMING PROJECTS\VISUAL STUDIO\CHECKERS\DEBUG\JERROR.OBJ
D:\YOYO DELL\PROGRAMMING PROJECTS\VISUAL STUDIO\CHECKERS\DEBUG\JIDCTFLT.OBJ
D:\YOYO DELL\PROGRAMMING PROJECTS\VISUAL STUDIO\CHECKERS\DEBUG\JIDCTFST.OBJ
D:\YOYO DELL\PROGRAMMING PROJECTS\VISUAL STUDIO\CHECKERS\DEBUG\JIDCTINT.OBJ
D:\YOYO DELL\PROGRAMMING PROJECTS\VISUAL STUDIO\CHECKERS\DEBUG\JIDCTRED.OBJ
D:\YOYO DELL\PROGRAMMING PROJECTS\VISUAL STUDIO\CHECKERS\DEBUG\JMEMMGR.OBJ
D:\YOYO DELL\PROGRAMMING PROJECTS\VISUAL STUDIO\CHECKERS\DEBUG\JMEMNOBS.OBJ
D:\YOYO DELL\PROGRAMMING PROJECTS\VISUAL STUDIO\CHECKERS\DEBUG\JQUANT1.OBJ
D:\YOYO DELL\PROGRAMMING PROJECTS\VISUAL STUDIO\CHECKERS\DEBUG\JQUANT2.OBJ
D:\YOYO DELL\PROGRAMMING PROJECTS\VISUAL STUDIO\CHECKERS\DEBUG\JUTILS.OBJ
D:\YOYO DELL\PROGRAMMING PROJECTS\VISUAL STUDIO\CHECKERS\DEBUG\JDDCTMGR.SBR
D:\YOYO DELL\PROGRAMMING PROJECTS\VISUAL STUDIO\CHECKERS\DEBUG\JDCOLOR.SBR
D:\YOYO DELL\PROGRAMMING PROJECTS\VISUAL STUDIO\CHECKERS\DEBUG\JDCOEFCT.SBR
D:\YOYO DELL\PROGRAMMING PROJECTS\VISUAL STUDIO\CHECKERS\DEBUG\JDATASRC.SBR
D:\YOYO DELL\PROGRAMMING PROJECTS\VISUAL STUDIO\CHECKERS\DEBUG\JDAPISTD.SBR
D:\YOYO DELL\PROGRAMMING PROJECTS\VISUAL STUDIO\CHECKERS\DEBUG\JDAPIMIN.SBR
D:\YOYO DELL\PROGRAMMING PROJECTS\VISUAL STUDIO\CHECKERS\DEBUG\JCPARAM.SBR
D:\YOYO DELL\PROGRAMMING PROJECTS\VISUAL STUDIO\CHECKERS\DEBUG\JCOMAPI.SBR
D:\YOYO DELL\PROGRAMMING PROJECTS\VISUAL STUDIO\CHECKERS\DEBUG\JPEGLOAD.SBR
D:\YOYO DELL\PROGRAMMING PROJECTS\VISUAL STUDIO\CHECKERS\DEBUG\JPEGLOAD.OBJ
D:\YOYO DELL\PROGRAMMING PROJECTS\VISUAL STUDIO\CHECKERS\DEBUG\JCOMAPI.OBJ
D:\YOYO DELL\PROGRAMMING PROJECTS\VISUAL STUDIO\CHECKERS\DEBUG\JCPARAM.OBJ
D:\YOYO DELL\PROGRAMMING PROJECTS\VISUAL STUDIO\CHECKERS\DEBUG\JDAPIMIN.OBJ
D:\YOYO DELL\PROGRAMMING PROJECTS\VISUAL STUDIO\CHECKERS\DEBUG\JDAPISTD.OBJ
D:\YOYO DELL\PROGRAMMING PROJECTS\VISUAL STUDIO\CHECKERS\DEBUG\JDATASRC.OBJ
D:\YOYO DELL\PROGRAMMING PROJECTS\VISUAL STUDIO\CHECKERS\DEBUG\JDCOEFCT.OBJ
D:\YOYO DELL\PROGRAMMING PROJECTS\VISUAL STUDIO\CHECKERS\DEBUG\JDCOLOR.OBJ
D:\YOYO DELL\PROGRAMMING PROJECTS\VISUAL STUDIO\CHECKERS\DEBUG\JDDCTMGR.OBJ
D:\YOYO DELL\PROGRAMMING PROJECTS\VISUAL STUDIO\CHECKERS\DEBUG\OUTPUT.SBR
D:\YOYO DELL\PROGRAMMING PROJECTS\VISUAL STUDIO\CHECKERS\DEBUG\OUTPUT.OBJ
D:\YOYO DELL\PROGRAMMING PROJECTS\VISUAL STUDIO\CHECKERS\DEBUG\PT PROJECT.ILK
D:\YOYO DELL\PROGRAMMING PROJECTS\VISUAL STUDIO\CHECKERS\DEBUG\PT PROJECT.EXE
D:\YOYO DELL\PROGRAMMING PROJECTS\VISUAL STUDIO\CHECKERS\DEBUG\PT PROJECT.PDB
D:\Yoyo Dell\Programming Projects\Visual Studio\Checkers\Debug\auxil.obj
D:\Yoyo Dell\Programming Projects\Visual Studio\Checkers\Debug\CMUgraphics.obj
D:\Yoyo Dell\Programming Projects\Visual Studio\Checkers\Debug\colors.obj
D:\Yoyo Dell\Programming Projects\Visual Studio\Checkers\Debug\GameWin.obj
D:\Yoyo Dell\Programming Projects\Visual Studio\Checkers\Debug\image.obj
D:\Yoyo Dell\Programming Projects\Visual Studio\Checkers\Debug\jcomapi.obj
D:\Yoyo Dell\Programming Projects\Visual Studio\Checkers\Debug\jcparam.obj
D:\Yoyo Dell\Programming Projects\Visual Studio\Checkers\Debug\jdapimin.obj
D:\Yoyo Dell\Programming Projects\Visual Studio\Checkers\Debug\jdapistd.obj
D:\Yoyo Dell\Programming Projects\Visual Studio\Checkers\Debug\jdatasrc.obj
D:\Yoyo Dell\Programming Projects\Visual Studio\Checkers\Debug\jdcoefct.obj
D:\Yoyo Dell\Programming Projects\Visual Studio\Checkers\Debug\jdcolor.obj
D:\Yoyo Dell\Programming Projects\Visual Studio\Checkers\Debug\jddctmgr.obj
D:\Yoyo Dell\Programming Projects\Visual Studio\Checkers\Debug\jdhuff.obj
D:\Yoyo Dell\Programming Projects\Visual Studio\Checkers\Debug\jdinput.obj
D:\Yoyo Dell\Programming Projects\Visual Studio\Checkers\Debug\jdmainct.obj
D:\Yoyo Dell\Programming Projects\Visual Studio\Checkers\Debug\jdmarker.obj
D:\Yoyo Dell\Programming Projects\Visual Studio\Checkers\Debug\jdmaster.obj
D:\Yoyo Dell\Programming Projects\Visual Studio\Checkers\Debug\jdmerge.obj
D:\Yoyo Dell\Programming Projects\Visual Studio\Checkers\Debug\jdphuff.obj
D:\Yoyo Dell\Programming Projects\Visual Studio\Checkers\Debug\jdpostct.obj
D:\Yoyo Dell\Programming Projects\Visual Studio\Checkers\Debug\jdsample.obj
D:\Yoyo Dell\Programming Projects\Visual Studio\Checkers\Debug\jdtrans.obj
D:\Yoyo Dell\Programming Projects\Visual Studio\Checkers\Debug\jerror.obj
D:\Yoyo Dell\Programming Projects\Visual Studio\Checkers\Debug\jidctflt.obj
D:\Yoyo Dell\Programming Projects\Visual Studio\Checkers\Debug\jidctfst.obj
D:\Yoyo Dell\Programming Projects\Visual Studio\Checkers\Debug\jidctint.obj
D:\Yoyo Dell\Programming Projects\Visual Studio\Checkers\Debug\jidctred.obj
D:\Yoyo Dell\Programming Projects\Visual Studio\Checkers\Debug\jmemmgr.obj
D:\Yoyo Dell\Programming Projects\Visual Studio\Checkers\Debug\jmemnobs.obj
D:\Yoyo Dell\Programming Projects\Visual Studio\Checkers\Debug\jpegload.obj
D:\Yoyo Dell\Programming Projects\Visual Studio\Checkers\Debug\jquant1.obj
D:\Yoyo Dell\Programming Projects\Visual Studio\Checkers\Debug\jquant2.obj
D:\Yoyo Dell\Programming Projects\Visual Studio\Checkers\Debug\jutils.obj
D:\Yoyo Dell\Programming Projects\Visual Studio\Checkers\Debug\keyqueue.obj
D:\Yoyo Dell\Programming Projects\Visual Studio\Checkers\Debug\mousequeue.obj
D:\Yoyo Dell\Programming Projects\Visual Studio\Checkers\Debug\Output.obj
D:\Yoyo Dell\Programming Projects\Visual Studio\Checkers\Debug\windowinput.obj
D:\Yoyo Dell\Programming Projects\Visual Studio\Checkers\Debug\PT Project.ilk
D:\Yoyo Dell\Programming Projects\Visual Studio\Checkers\Debug\BscMake.command.1.tlog
D:\Yoyo Dell\Programming Projects\Visual Studio\Checkers\Debug\bscmake.read.1.tlog
D:\Yoyo Dell\Programming Projects\Visual Studio\Checkers\Debug\bscmake.write.1.tlog
D:\Yoyo Dell\Programming Projects\Visual Studio\Checkers\Debug\cl.command.1.tlog
D:\Yoyo Dell\Programming Projects\Visual Studio\Checkers\Debug\CL.read.1.tlog
D:\Yoyo Dell\Programming Projects\Visual Studio\Checkers\Debug\CL.write.1.tlog
D:\Yoyo Dell\Programming Projects\Visual Studio\Checkers\Debug\link-cvtres.read.1.tlog
D:\Yoyo Dell\Programming Projects\Visual Studio\Checkers\Debug\link-cvtres.write.1.tlog
D:\Yoyo Dell\Programming Projects\Visual Studio\Checkers\Debug\link-rc.read.1.tlog
D:\Yoyo Dell\Programming Projects\Visual Studio\Checkers\Debug\link-rc.write.1.tlog
D:\Yoyo Dell\Programming Projects\Visual Studio\Checkers\Debug\link.5420-cvtres.read.1.tlog
D:\Yoyo Dell\Programming Projects\Visual Studio\Checkers\Debug\link.5420-cvtres.write.1.tlog
D:\Yoyo Dell\Programming Projects\Visual Studio\Checkers\Debug\link.5420-rc.read.1.tlog
D:\Yoyo Dell\Programming Projects\Visual Studio\Checkers\Debug\link.5420-rc.write.1.tlog
D:\Yoyo Dell\Programming Projects\Visual Studio\Checkers\Debug\link.5420.read.1.tlog
D:\Yoyo Dell\Programming Projects\Visual Studio\Checkers\Debug\link.5420.write.1.tlog
D:\Yoyo Dell\Programming Projects\Visual Studio\Checkers\Debug\link.6208-cvtres.read.1.tlog
D:\Yoyo Dell\Programming Projects\Visual Studio\Checkers\Debug\link.6208-cvtres.write.1.tlog
D:\Yoyo Dell\Programming Projects\Visual Studio\Checkers\Debug\link.6208-rc.read.1.tlog
D:\Yoyo Dell\Programming Projects\Visual Studio\Checkers\Debug\link.6208-rc.write.1.tlog
D:\Yoyo Dell\Programming Projects\Visual Studio\Checkers\Debug\link.6208.read.1.tlog
D:\Yoyo Dell\Programming Projects\Visual Studio\Checkers\Debug\link.6208.write.1.tlog
D:\Yoyo Dell\Programming Projects\Visual Studio\Checkers\Debug\link.command.1.tlog
D:\Yoyo Dell\Programming Projects\Visual Studio\Checkers\Debug\link.read.1.tlog
D:\Yoyo Dell\Programming Projects\Visual Studio\Checkers\Debug\link.write.1.tlog
D:\Yoyo Dell\Programming Projects\Visual Studio\Checkers\Debug\vc110.idb
D:\Yoyo Dell\Programming Projects\Visual Studio\Checkers\Debug\PT Project.pdb
D:\Yoyo Dell\Programming Projects\Visual Studio\Checkers\Debug\vc110.pdb
D:\Yoyo Dell\Programming Projects\Visual Studio\Checkers\Debug\PT Project.bsc
D:\Yoyo Dell\Programming Projects\Visual Studio\Checkers\Debug\auxil.sbr
D:\Yoyo Dell\Programming Projects\Visual Studio\Checkers\Debug\CMUgraphics.sbr
D:\Yoyo Dell\Programming Projects\Visual Studio\Checkers\Debug\colors.sbr
D:\Yoyo Dell\Programming Projects\Visual Studio\Checkers\Debug\GameWin.sbr
D:\Yoyo Dell\Programming Projects\Visual Studio\Checkers\Debug\image.sbr
D:\Yoyo Dell\Programming Projects\Visual Studio\Checkers\Debug\jcomapi.sbr
D:\Yoyo Dell\Programming Projects\Visual Studio\Checkers\Debug\jcparam.sbr
D:\Yoyo Dell\Programming Projects\Visual Studio\Checkers\Debug\jdapimin.sbr
D:\Yoyo Dell\Programming Projects\Visual Studio\Checkers\Debug\jdapistd.sbr
D:\Yoyo Dell\Programming Projects\Visual Studio\Checkers\Debug\jdatasrc.sbr
D:\Yoyo Dell\Programming Projects\Visual Studio\Checkers\Debug\jdcoefct.sbr
D:\Yoyo Dell\Programming Projects\Visual Studio\Checkers\Debug\jdcolor.sbr
D:\Yoyo Dell\Programming Projects\Visual Studio\Checkers\Debug\jddctmgr.sbr
D:\Yoyo Dell\Programming Projects\Visual Studio\Checkers\Debug\jdhuff.sbr
D:\Yoyo Dell\Programming Projects\Visual Studio\Checkers\Debug\jdinput.sbr
D:\Yoyo Dell\Programming Projects\Visual Studio\Checkers\Debug\jdmainct.sbr
D:\Yoyo Dell\Programming Projects\Visual Studio\Checkers\Debug\jdmarker.sbr
D:\Yoyo Dell\Programming Projects\Visual Studio\Checkers\Debug\jdmaster.sbr
D:\Yoyo Dell\Programming Projects\Visual Studio\Checkers\Debug\jdmerge.sbr
D:\Yoyo Dell\Programming Projects\Visual Studio\Checkers\Debug\jdphuff.sbr
D:\Yoyo Dell\Programming Projects\Visual Studio\Checkers\Debug\jdpostct.sbr
D:\Yoyo Dell\Programming Projects\Visual Studio\Checkers\Debug\jdsample.sbr
D:\Yoyo Dell\Programming Projects\Visual Studio\Checkers\Debug\jdtrans.sbr
D:\Yoyo Dell\Programming Projects\Visual Studio\Checkers\Debug\jerror.sbr
D:\Yoyo Dell\Programming Projects\Visual Studio\Checkers\Debug\jidctflt.sbr
D:\Yoyo Dell\Programming Projects\Visual Studio\Checkers\Debug\jidctfst.sbr
D:\Yoyo Dell\Programming Projects\Visual Studio\Checkers\Debug\jidctint.sbr
D:\Yoyo Dell\Programming Projects\Visual Studio\Checkers\Debug\jidctred.sbr
D:\Yoyo Dell\Programming Projects\Visual Studio\Checkers\Debug\jmemmgr.sbr
D:\Yoyo Dell\Programming Projects\Visual Studio\Checkers\Debug\jmemnobs.sbr
D:\Yoyo Dell\Programming Projects\Visual Studio\Checkers\Debug\jpegload.sbr
D:\Yoyo Dell\Programming Projects\Visual Studio\Checkers\Debug\jquant1.sbr
D:\Yoyo Dell\Programming Projects\Visual Studio\Checkers\Debug\jquant2.sbr
D:\Yoyo Dell\Programming Projects\Visual Studio\Checkers\Debug\jutils.sbr
D:\Yoyo Dell\Programming Projects\Visual Studio\Checkers\Debug\keyqueue.sbr
D:\Yoyo Dell\Programming Projects\Visual Studio\Checkers\Debug\mousequeue.sbr
D:\Yoyo Dell\Programming Projects\Visual Studio\Checkers\Debug\Output.sbr
D:\Yoyo Dell\Programming Projects\Visual Studio\Checkers\Debug\windowinput.sbr
D:\Yoyo Dell\Programming Projects\Visual Studio\Checkers\.\Debug\PT Project.exe
